<?xml version="1.0" encoding="UTF-8"?>
<!-- Generated by org.testng.reporters.JUnitXMLReporter -->
<testsuite hostname="US" name="IETest" tests="1" failures="0" timestamp="8 Sep 2017 19:13:39 GMT" time="1.435" errors="0">
  <testcase name="@BeforeTest setup" time="0.0" classname="GmailCrossBrowser.GmailLogin">
    <failure type="java.lang.IllegalStateException" message="The driver executable does not exist: C:\Users\USER\Downloads\selenium_releated\selenium-2.53.1\IEdriver.exe">
      <![CDATA[java.lang.IllegalStateException: The driver executable does not exist: C:\Users\USER\Downloads\selenium_releated\selenium-2.53.1\IEdriver.exe
	at com.google.common.base.Preconditions.checkState(Preconditions.java:199)
	at org.openqa.selenium.remote.service.DriverService.checkExecutable(DriverService.java:121)
	at org.openqa.selenium.remote.service.DriverService.findExecutable(DriverService.java:116)
	at org.openqa.selenium.ie.InternetExplorerDriverService.access$0(InternetExplorerDriverService.java:1)
	at org.openqa.selenium.ie.InternetExplorerDriverService$Builder.findDefaultExecutable(InternetExplorerDriverService.java:167)
	at org.openqa.selenium.remote.service.DriverService$Builder.build(DriverService.java:296)
	at org.openqa.selenium.ie.InternetExplorerDriver.setupService(InternetExplorerDriver.java:251)
	at org.openqa.selenium.ie.InternetExplorerDriver.<init>(InternetExplorerDriver.java:172)
	at org.openqa.selenium.ie.InternetExplorerDriver.<init>(InternetExplorerDriver.java:146)
	at GmailCrossBrowser.GmailLogin.setup(GmailLogin.java:76)
	at java.util.concurrent.FutureTask.run(Unknown Source)
	at java.util.concurrent.ThreadPoolExecutor.runWorker(Unknown Source)
	at java.util.concurrent.ThreadPoolExecutor$Worker.run(Unknown Source)
	at java.lang.Thread.run(Unknown Source)
... Removed 14 stack frames]]>
    </failure>
  </testcase> <!-- @BeforeTest setup -->
  <testcase name="testParameterWithXML" time="0.008" classname="GmailCrossBrowser.GmailLogin">
    <skipped/>
  </testcase> <!-- testParameterWithXML -->
</testsuite> <!-- IETest -->
